<?xml version="1.0" encoding="UTF-8"?>
<!-- Generated by org.testng.reporters.JUnitReportReporter -->
<testsuite hostname="LAPTOP-K8J9AS79" failures="0" tests="2" name="TestRunner.Run" time="39.309" errors="0" timestamp="24 Feb 2024 10:24:47 GMT">
  <testcase classname="TestRunner.Run" name="runScenario" time="13.996"/>
  <testcase classname="TestRunner.Run" name="runScenario" time="25.313"/>
</testsuite> <!-- TestRunner.Run -->
